<?xml version="1.0" encoding="UTF-8"?>
<coverage generated="1755039895504" clover="3.2.0">
  <project timestamp="1755039895504" name="All files">
    <metrics statements="182" coveredstatements="101" conditionals="175" coveredconditionals="99" methods="77" coveredmethods="32" elements="434" coveredelements="232" complexity="0" loc="182" ncloc="182" packages="1" files="2" classes="2"/>
    <file name="App.jsx" path="/Users/edwardzhong/Projects/pomodoro/src/App.jsx">
      <metrics statements="181" coveredstatements="100" conditionals="175" coveredconditionals="99" methods="77" coveredmethods="32"/>
      <line num="7" count="1" type="stmt"/>
      <line num="13" count="1" type="stmt"/>
      <line num="106" count="44" type="stmt"/>
      <line num="107" count="44" type="stmt"/>
      <line num="108" count="44" type="stmt"/>
      <line num="109" count="44" type="stmt"/>
      <line num="112" count="44" type="stmt"/>
      <line num="113" count="44" type="stmt"/>
      <line num="114" count="44" type="cond" truecount="2" falsecount="0"/>
      <line num="115" count="44" type="stmt"/>
      <line num="116" count="44" type="stmt"/>
      <line num="117" count="44" type="stmt"/>
      <line num="118" count="44" type="stmt"/>
      <line num="119" count="44" type="stmt"/>
      <line num="120" count="44" type="stmt"/>
      <line num="121" count="44" type="stmt"/>
      <line num="124" count="44" type="cond" truecount="2" falsecount="0"/>
      <line num="125" count="44" type="cond" truecount="2" falsecount="0"/>
      <line num="126" count="44" type="cond" truecount="2" falsecount="0"/>
      <line num="127" count="44" type="cond" truecount="2" falsecount="0"/>
      <line num="128" count="44" type="cond" truecount="2" falsecount="0"/>
      <line num="131" count="44" type="stmt"/>
      <line num="132" count="44" type="stmt"/>
      <line num="133" count="44" type="stmt"/>
      <line num="136" count="44" type="stmt"/>
      <line num="137" count="44" type="stmt"/>
      <line num="138" count="44" type="stmt"/>
      <line num="139" count="44" type="stmt"/>
      <line num="140" count="44" type="stmt"/>
      <line num="142" count="44" type="cond" truecount="2" falsecount="0"/>
      <line num="145" count="44" type="stmt"/>
      <line num="146" count="0" type="stmt"/>
      <line num="147" count="0" type="stmt"/>
      <line num="148" count="0" type="stmt"/>
      <line num="150" count="0" type="stmt"/>
      <line num="151" count="0" type="stmt"/>
      <line num="156" count="44" type="stmt"/>
      <line num="157" count="2" type="stmt"/>
      <line num="158" count="2" type="stmt"/>
      <line num="160" count="2" type="stmt"/>
      <line num="161" count="0" type="stmt"/>
      <line num="166" count="44" type="stmt"/>
      <line num="167" count="18" type="stmt"/>
      <line num="168" count="18" type="stmt"/>
      <line num="169" count="18" type="stmt"/>
      <line num="170" count="18" type="stmt"/>
      <line num="171" count="18" type="stmt"/>
      <line num="172" count="18" type="stmt"/>
      <line num="173" count="18" type="stmt"/>
      <line num="174" count="18" type="stmt"/>
      <line num="175" count="18" type="stmt"/>
      <line num="176" count="18" type="stmt"/>
      <line num="180" count="44" type="stmt"/>
      <line num="181" count="20" type="stmt"/>
      <line num="182" count="20" type="stmt"/>
      <line num="186" count="44" type="stmt"/>
      <line num="187" count="25" type="cond" truecount="2" falsecount="0"/>
      <line num="188" count="3" type="stmt"/>
      <line num="189" count="0" type="stmt"/>
      <line num="190" count="0" type="cond" truecount="0" falsecount="2"/>
      <line num="191" count="0" type="stmt"/>
      <line num="192" count="0" type="cond" truecount="0" falsecount="2"/>
      <line num="193" count="0" type="stmt"/>
      <line num="197" count="0" type="stmt"/>
      <line num="198" count="0" type="stmt"/>
      <line num="200" count="0" type="cond" truecount="0" falsecount="2"/>
      <line num="201" count="0" type="stmt"/>
      <line num="202" count="0" type="stmt"/>
      <line num="203" count="0" type="cond" truecount="0" falsecount="2"/>
      <line num="204" count="0" type="stmt"/>
      <line num="205" count="0" type="cond" truecount="0" falsecount="2"/>
      <line num="206" count="0" type="stmt"/>
      <line num="208" count="0" type="stmt"/>
      <line num="211" count="0" type="stmt"/>
      <line num="212" count="0" type="cond" truecount="0" falsecount="2"/>
      <line num="213" count="0" type="stmt"/>
      <line num="215" count="0" type="stmt"/>
      <line num="218" count="0" type="stmt"/>
      <line num="220" count="0" type="stmt"/>
      <line num="224" count="22" type="stmt"/>
      <line num="226" count="25" type="stmt"/>
      <line num="230" count="44" type="stmt"/>
      <line num="231" count="0" type="cond" truecount="0" falsecount="2"/>
      <line num="232" count="0" type="stmt"/>
      <line num="233" count="0" type="cond" truecount="0" falsecount="4"/>
      <line num="234" count="0" type="stmt"/>
      <line num="235" count="0" type="stmt"/>
      <line num="241" count="0" type="stmt"/>
      <line num="242" count="0" type="cond" truecount="0" falsecount="2"/>
      <line num="243" count="0" type="cond" truecount="0" falsecount="2"/>
      <line num="244" count="0" type="cond" truecount="0" falsecount="2"/>
      <line num="245" count="0" type="cond" truecount="0" falsecount="2"/>
      <line num="247" count="0" type="stmt"/>
      <line num="250" count="0" type="stmt"/>
      <line num="254" count="44" type="stmt"/>
      <line num="255" count="16" type="cond" truecount="1" falsecount="1"/>
      <line num="256" count="0" type="stmt"/>
      <line num="257" count="0" type="cond" truecount="0" falsecount="4"/>
      <line num="258" count="0" type="stmt"/>
      <line num="261" count="0" type="stmt"/>
      <line num="262" count="0" type="stmt"/>
      <line num="267" count="44" type="stmt"/>
      <line num="268" count="16" type="cond" truecount="1" falsecount="1"/>
      <line num="269" count="0" type="stmt"/>
      <line num="270" count="0" type="cond" truecount="0" falsecount="2"/>
      <line num="276" count="0" type="stmt"/>
      <line num="279" count="0" type="stmt"/>
      <line num="280" count="0" type="stmt"/>
      <line num="285" count="44" type="stmt"/>
      <line num="286" count="16" type="cond" truecount="1" falsecount="1"/>
      <line num="287" count="16" type="stmt"/>
      <line num="289" count="16" type="stmt"/>
      <line num="293" count="44" type="stmt"/>
      <line num="294" count="16" type="stmt"/>
      <line num="295" count="0" type="cond" truecount="0" falsecount="5"/>
      <line num="296" count="0" type="stmt"/>
      <line num="297" count="0" type="stmt"/>
      <line num="300" count="16" type="stmt"/>
      <line num="301" count="16" type="stmt"/>
      <line num="305" count="44" type="stmt"/>
      <line num="307" count="44" type="stmt"/>
      <line num="308" count="0" type="cond" truecount="0" falsecount="2"/>
      <line num="309" count="0" type="stmt"/>
      <line num="310" count="0" type="stmt"/>
      <line num="311" count="0" type="stmt"/>
      <line num="315" count="44" type="stmt"/>
      <line num="316" count="0" type="stmt"/>
      <line num="317" count="0" type="cond" truecount="0" falsecount="2"/>
      <line num="318" count="0" type="stmt"/>
      <line num="319" count="0" type="stmt"/>
      <line num="320" count="0" type="stmt"/>
      <line num="321" count="0" type="stmt"/>
      <line num="324" count="44" type="stmt"/>
      <line num="325" count="0" type="cond" truecount="0" falsecount="2"/>
      <line num="326" count="0" type="cond" truecount="0" falsecount="2"/>
      <line num="329" count="44" type="stmt"/>
      <line num="330" count="4" type="stmt"/>
      <line num="331" count="4" type="stmt"/>
      <line num="334" count="4" type="stmt"/>
      <line num="335" count="4" type="stmt"/>
      <line num="338" count="44" type="stmt"/>
      <line num="339" count="1" type="stmt"/>
      <line num="340" count="1" type="stmt"/>
      <line num="341" count="1" type="stmt"/>
      <line num="344" count="1" type="stmt"/>
      <line num="347" count="44" type="stmt"/>
      <line num="348" count="4" type="stmt"/>
      <line num="351" count="4" type="cond" truecount="2" falsecount="0"/>
      <line num="352" count="3" type="stmt"/>
      <line num="353" count="3" type="stmt"/>
      <line num="358" count="44" type="stmt"/>
      <line num="359" count="44" type="stmt"/>
      <line num="360" count="44" type="cond" truecount="4" falsecount="0"/>
      <line num="361" count="44" type="stmt"/>
      <line num="362" count="44" type="stmt"/>
      <line num="364" count="44" type="cond" truecount="4" falsecount="0"/>
      <line num="365" count="44" type="cond" truecount="4" falsecount="0"/>
      <line num="368" count="44" type="stmt"/>
      <line num="416" count="44" type="stmt"/>
      <line num="449" count="2" type="stmt"/>
      <line num="470" count="0" type="stmt"/>
      <line num="497" count="0" type="stmt"/>
      <line num="514" count="3" type="stmt"/>
      <line num="543" count="32" type="stmt"/>
      <line num="547" count="0" type="stmt"/>
      <line num="586" count="0" type="stmt"/>
      <line num="600" count="0" type="stmt"/>
      <line num="608" count="0" type="cond" truecount="0" falsecount="2"/>
      <line num="616" count="0" type="stmt"/>
      <line num="631" count="0" type="stmt"/>
      <line num="639" count="0" type="cond" truecount="0" falsecount="2"/>
      <line num="647" count="0" type="stmt"/>
      <line num="662" count="0" type="stmt"/>
      <line num="670" count="0" type="cond" truecount="0" falsecount="2"/>
      <line num="678" count="0" type="stmt"/>
      <line num="693" count="0" type="stmt"/>
      <line num="701" count="0" type="cond" truecount="0" falsecount="2"/>
      <line num="709" count="0" type="stmt"/>
      <line num="721" count="0" type="stmt"/>
      <line num="745" count="132" type="stmt"/>
      <line num="749" count="4" type="stmt"/>
    </file>
    <file name="themes.js" path="/Users/edwardzhong/Projects/pomodoro/src/themes.js">
      <metrics statements="1" coveredstatements="1" conditionals="0" coveredconditionals="0" methods="0" coveredmethods="0"/>
      <line num="3" count="2" type="stmt"/>
    </file>
  </project>
</coverage>
