{"/Users/edwardzhong/Projects/pomodoro/src/App.jsx": {"path":"/Users/edwardzhong/Projects/pomodoro/src/App.jsx","statementMap":{"0":{"start":{"line":7,"column":15},"end":{"line":10,"column":1}},"1":{"start":{"line":13,"column":14},"end":{"line":102,"column":1}},"2":{"start":{"line":106,"column":26},"end":{"line":106,"column":42}},"3":{"start":{"line":107,"column":34},"end":{"line":107,"column":51}},"4":{"start":{"line":108,"column":36},"end":{"line":108,"column":51}},"5":{"start":{"line":109,"column":44},"end":{"line":109,"column":55}},"6":{"start":{"line":112,"column":42},"end":{"line":112,"column":57}},"7":{"start":{"line":113,"column":34},"end":{"line":113,"column":93}},"8":{"start":{"line":113,"column":49},"end":{"line":113,"column":92}},"9":{"start":{"line":114,"column":42},"end":{"line":114,"column":100}},"10":{"start":{"line":114,"column":57},"end":{"line":114,"column":99}},"11":{"start":{"line":115,"column":52},"end":{"line":115,"column":67}},"12":{"start":{"line":116,"column":46},"end":{"line":116,"column":61}},"13":{"start":{"line":117,"column":46},"end":{"line":117,"column":58}},"14":{"start":{"line":118,"column":28},"end":{"line":118,"column":84}},"15":{"start":{"line":118,"column":43},"end":{"line":118,"column":83}},"16":{"start":{"line":119,"column":46},"end":{"line":119,"column":112}},"17":{"start":{"line":119,"column":61},"end":{"line":119,"column":111}},"18":{"start":{"line":120,"column":52},"end":{"line":120,"column":67}},"19":{"start":{"line":121,"column":58},"end":{"line":121,"column":73}},"20":{"start":{"line":124,"column":40},"end":{"line":124,"column":107}},"21":{"start":{"line":124,"column":55},"end":{"line":124,"column":106}},"22":{"start":{"line":125,"column":42},"end":{"line":125,"column":109}},"23":{"start":{"line":125,"column":57},"end":{"line":125,"column":108}},"24":{"start":{"line":126,"column":50},"end":{"line":126,"column":122}},"25":{"start":{"line":126,"column":65},"end":{"line":126,"column":121}},"26":{"start":{"line":127,"column":66},"end":{"line":127,"column":145}},"27":{"start":{"line":127,"column":81},"end":{"line":127,"column":144}},"28":{"start":{"line":128,"column":30},"end":{"line":128,"column":93}},"29":{"start":{"line":128,"column":45},"end":{"line":128,"column":92}},"30":{"start":{"line":131,"column":21},"end":{"line":131,"column":38}},"31":{"start":{"line":132,"column":24},"end":{"line":132,"column":41}},"32":{"start":{"line":133,"column":24},"end":{"line":133,"column":69}},"33":{"start":{"line":136,"column":22},"end":{"line":136,"column":34}},"34":{"start":{"line":137,"column":19},"end":{"line":137,"column":31}},"35":{"start":{"line":138,"column":24},"end":{"line":138,"column":36}},"36":{"start":{"line":139,"column":26},"end":{"line":139,"column":38}},"37":{"start":{"line":140,"column":27},"end":{"line":140,"column":39}},"38":{"start":{"line":142,"column":16},"end":{"line":142,"column":71}},"39":{"start":{"line":145,"column":28},"end":{"line":153,"column":3}},"40":{"start":{"line":146,"column":4},"end":{"line":146,"column":34}},"41":{"start":{"line":147,"column":4},"end":{"line":147,"column":30}},"42":{"start":{"line":148,"column":4},"end":{"line":148,"column":32}},"43":{"start":{"line":150,"column":4},"end":{"line":152,"column":12}},"44":{"start":{"line":151,"column":6},"end":{"line":151,"column":37}},"45":{"start":{"line":156,"column":31},"end":{"line":163,"column":3}},"46":{"start":{"line":157,"column":4},"end":{"line":157,"column":34}},"47":{"start":{"line":158,"column":4},"end":{"line":158,"column":27}},"48":{"start":{"line":158,"column":23},"end":{"line":158,"column":25}},"49":{"start":{"line":160,"column":4},"end":{"line":162,"column":12}},"50":{"start":{"line":161,"column":6},"end":{"line":161,"column":37}},"51":{"start":{"line":166,"column":2},"end":{"line":177,"column":148}},"52":{"start":{"line":167,"column":4},"end":{"line":167,"column":47}},"53":{"start":{"line":168,"column":4},"end":{"line":168,"column":48}},"54":{"start":{"line":169,"column":4},"end":{"line":169,"column":53}},"55":{"start":{"line":170,"column":4},"end":{"line":170,"column":55}},"56":{"start":{"line":171,"column":4},"end":{"line":171,"column":63}},"57":{"start":{"line":172,"column":4},"end":{"line":172,"column":79}},"58":{"start":{"line":173,"column":4},"end":{"line":173,"column":57}},"59":{"start":{"line":174,"column":4},"end":{"line":174,"column":59}},"60":{"start":{"line":175,"column":4},"end":{"line":175,"column":41}},"61":{"start":{"line":176,"column":4},"end":{"line":176,"column":43}},"62":{"start":{"line":180,"column":2},"end":{"line":183,"column":58}},"63":{"start":{"line":181,"column":22},"end":{"line":181,"column":93}},"64":{"start":{"line":182,"column":4},"end":{"line":182,"column":38}},"65":{"start":{"line":186,"column":2},"end":{"line":227,"column":103}},"66":{"start":{"line":187,"column":4},"end":{"line":225,"column":5}},"67":{"start":{"line":188,"column":6},"end":{"line":222,"column":15}},"68":{"start":{"line":189,"column":8},"end":{"line":221,"column":11}},"69":{"start":{"line":190,"column":10},"end":{"line":219,"column":11}},"70":{"start":{"line":191,"column":12},"end":{"line":191,"column":47}},"71":{"start":{"line":192,"column":12},"end":{"line":194,"column":13}},"72":{"start":{"line":193,"column":14},"end":{"line":193,"column":38}},"73":{"start":{"line":197,"column":12},"end":{"line":197,"column":35}},"74":{"start":{"line":198,"column":12},"end":{"line":198,"column":56}},"75":{"start":{"line":198,"column":29},"end":{"line":198,"column":49}},"76":{"start":{"line":200,"column":12},"end":{"line":217,"column":13}},"77":{"start":{"line":201,"column":32},"end":{"line":201,"column":49}},"78":{"start":{"line":202,"column":14},"end":{"line":202,"column":42}},"79":{"start":{"line":203,"column":31},"end":{"line":203,"column":97}},"80":{"start":{"line":204,"column":14},"end":{"line":204,"column":32}},"81":{"start":{"line":205,"column":14},"end":{"line":209,"column":15}},"82":{"start":{"line":206,"column":16},"end":{"line":206,"column":59}},"83":{"start":{"line":206,"column":33},"end":{"line":206,"column":51}},"84":{"start":{"line":208,"column":16},"end":{"line":208,"column":36}},"85":{"start":{"line":211,"column":14},"end":{"line":211,"column":30}},"86":{"start":{"line":212,"column":14},"end":{"line":216,"column":15}},"87":{"start":{"line":213,"column":16},"end":{"line":213,"column":59}},"88":{"start":{"line":213,"column":33},"end":{"line":213,"column":51}},"89":{"start":{"line":215,"column":16},"end":{"line":215,"column":36}},"90":{"start":{"line":218,"column":12},"end":{"line":218,"column":21}},"91":{"start":{"line":220,"column":10},"end":{"line":220,"column":23}},"92":{"start":{"line":224,"column":6},"end":{"line":224,"column":41}},"93":{"start":{"line":226,"column":4},"end":{"line":226,"column":52}},"94":{"start":{"line":226,"column":17},"end":{"line":226,"column":51}},"95":{"start":{"line":230,"column":34},"end":{"line":251,"column":3}},"96":{"start":{"line":231,"column":4},"end":{"line":249,"column":5}},"97":{"start":{"line":232,"column":33},"end":{"line":232,"column":88}},"98":{"start":{"line":232,"column":70},"end":{"line":232,"column":87}},"99":{"start":{"line":233,"column":6},"end":{"line":248,"column":7}},"100":{"start":{"line":234,"column":33},"end":{"line":234,"column":57}},"101":{"start":{"line":235,"column":36},"end":{"line":239,"column":9}},"102":{"start":{"line":241,"column":35},"end":{"line":241,"column":65}},"103":{"start":{"line":242,"column":8},"end":{"line":246,"column":9}},"104":{"start":{"line":243,"column":10},"end":{"line":245,"column":96}},"105":{"start":{"line":243,"column":31},"end":{"line":243,"column":81}},"106":{"start":{"line":244,"column":15},"end":{"line":245,"column":96}},"107":{"start":{"line":244,"column":37},"end":{"line":244,"column":88}},"108":{"start":{"line":245,"column":15},"end":{"line":245,"column":96}},"109":{"start":{"line":245,"column":41},"end":{"line":245,"column":96}},"110":{"start":{"line":247,"column":8},"end":{"line":247,"column":38}},"111":{"start":{"line":250,"column":4},"end":{"line":250,"column":29}},"112":{"start":{"line":254,"column":2},"end":{"line":264,"column":39}},"113":{"start":{"line":255,"column":4},"end":{"line":263,"column":5}},"114":{"start":{"line":256,"column":33},"end":{"line":260,"column":7}},"115":{"start":{"line":257,"column":8},"end":{"line":259,"column":9}},"116":{"start":{"line":258,"column":10},"end":{"line":258,"column":36}},"117":{"start":{"line":261,"column":6},"end":{"line":261,"column":65}},"118":{"start":{"line":262,"column":6},"end":{"line":262,"column":81}},"119":{"start":{"line":262,"column":19},"end":{"line":262,"column":80}},"120":{"start":{"line":267,"column":2},"end":{"line":282,"column":26}},"121":{"start":{"line":268,"column":4},"end":{"line":281,"column":5}},"122":{"start":{"line":269,"column":33},"end":{"line":278,"column":7}},"123":{"start":{"line":270,"column":8},"end":{"line":277,"column":9}},"124":{"start":{"line":276,"column":10},"end":{"line":276,"column":38}},"125":{"start":{"line":279,"column":6},"end":{"line":279,"column":65}},"126":{"start":{"line":280,"column":6},"end":{"line":280,"column":81}},"127":{"start":{"line":280,"column":19},"end":{"line":280,"column":80}},"128":{"start":{"line":285,"column":2},"end":{"line":290,"column":15}},"129":{"start":{"line":286,"column":4},"end":{"line":288,"column":5}},"130":{"start":{"line":287,"column":6},"end":{"line":287,"column":39}},"131":{"start":{"line":289,"column":4},"end":{"line":289,"column":27}},"132":{"start":{"line":293,"column":2},"end":{"line":302,"column":23}},"133":{"start":{"line":294,"column":24},"end":{"line":299,"column":5}},"134":{"start":{"line":295,"column":6},"end":{"line":298,"column":7}},"135":{"start":{"line":296,"column":8},"end":{"line":296,"column":27}},"136":{"start":{"line":297,"column":8},"end":{"line":297,"column":27}},"137":{"start":{"line":300,"column":4},"end":{"line":300,"column":52}},"138":{"start":{"line":301,"column":4},"end":{"line":301,"column":68}},"139":{"start":{"line":301,"column":17},"end":{"line":301,"column":67}},"140":{"start":{"line":305,"column":21},"end":{"line":305,"column":111}},"141":{"start":{"line":305,"column":28},"end":{"line":305,"column":111}},"142":{"start":{"line":307,"column":27},"end":{"line":313,"column":3}},"143":{"start":{"line":308,"column":4},"end":{"line":312,"column":5}},"144":{"start":{"line":309,"column":6},"end":{"line":309,"column":28}},"145":{"start":{"line":310,"column":6},"end":{"line":310,"column":30}},"146":{"start":{"line":311,"column":6},"end":{"line":311,"column":59}},"147":{"start":{"line":311,"column":23},"end":{"line":311,"column":53}},"148":{"start":{"line":315,"column":33},"end":{"line":322,"column":3}},"149":{"start":{"line":316,"column":16},"end":{"line":316,"column":49}},"150":{"start":{"line":317,"column":4},"end":{"line":317,"column":50}},"151":{"start":{"line":317,"column":26},"end":{"line":317,"column":50}},"152":{"start":{"line":318,"column":4},"end":{"line":318,"column":35}},"153":{"start":{"line":319,"column":20},"end":{"line":319,"column":37}},"154":{"start":{"line":320,"column":20},"end":{"line":320,"column":34}},"155":{"start":{"line":321,"column":4},"end":{"line":321,"column":47}},"156":{"start":{"line":324,"column":30},"end":{"line":327,"column":3}},"157":{"start":{"line":325,"column":4},"end":{"line":326,"column":58}},"158":{"start":{"line":325,"column":27},"end":{"line":325,"column":53}},"159":{"start":{"line":326,"column":9},"end":{"line":326,"column":58}},"160":{"start":{"line":326,"column":33},"end":{"line":326,"column":58}},"161":{"start":{"line":329,"column":27},"end":{"line":336,"column":3}},"162":{"start":{"line":330,"column":4},"end":{"line":330,"column":21}},"163":{"start":{"line":331,"column":4},"end":{"line":331,"column":24}},"164":{"start":{"line":334,"column":4},"end":{"line":334,"column":25}},"165":{"start":{"line":335,"column":4},"end":{"line":335,"column":45}},"166":{"start":{"line":335,"column":21},"end":{"line":335,"column":38}},"167":{"start":{"line":338,"column":22},"end":{"line":345,"column":3}},"168":{"start":{"line":339,"column":4},"end":{"line":339,"column":24}},"169":{"start":{"line":340,"column":22},"end":{"line":340,"column":93}},"170":{"start":{"line":341,"column":4},"end":{"line":341,"column":38}},"171":{"start":{"line":344,"column":4},"end":{"line":344,"column":49}},"172":{"start":{"line":347,"column":27},"end":{"line":355,"column":3}},"173":{"start":{"line":348,"column":4},"end":{"line":348,"column":29}},"174":{"start":{"line":351,"column":4},"end":{"line":354,"column":5}},"175":{"start":{"line":352,"column":6},"end":{"line":352,"column":27}},"176":{"start":{"line":353,"column":6},"end":{"line":353,"column":47}},"177":{"start":{"line":353,"column":23},"end":{"line":353,"column":40}},"178":{"start":{"line":358,"column":17},"end":{"line":358,"column":20}},"179":{"start":{"line":359,"column":24},"end":{"line":359,"column":44}},"180":{"start":{"line":360,"column":24},"end":{"line":360,"column":121}},"181":{"start":{"line":361,"column":19},"end":{"line":361,"column":43}},"182":{"start":{"line":362,"column":27},"end":{"line":362,"column":57}},"183":{"start":{"line":364,"column":26},"end":{"line":364,"column":135}},"184":{"start":{"line":365,"column":22},"end":{"line":365,"column":101}},"185":{"start":{"line":368,"column":24},"end":{"line":414,"column":3}},"186":{"start":{"line":416,"column":2},"end":{"line":910,"column":4}},"187":{"start":{"line":449,"column":27},"end":{"line":449,"column":67}},"188":{"start":{"line":470,"column":29},"end":{"line":470,"column":60}},"189":{"start":{"line":470,"column":57},"end":{"line":470,"column":59}},"190":{"start":{"line":497,"column":35},"end":{"line":497,"column":72}},"191":{"start":{"line":514,"column":25},"end":{"line":514,"column":55}},"192":{"start":{"line":543,"column":16},"end":{"line":560,"column":32}},"193":{"start":{"line":547,"column":33},"end":{"line":547,"column":61}},"194":{"start":{"line":586,"column":34},"end":{"line":586,"column":68}},"195":{"start":{"line":600,"column":33},"end":{"line":600,"column":78}},"196":{"start":{"line":600,"column":56},"end":{"line":600,"column":77}},"197":{"start":{"line":608,"column":35},"end":{"line":608,"column":108}},"198":{"start":{"line":616,"column":33},"end":{"line":616,"column":80}},"199":{"start":{"line":616,"column":56},"end":{"line":616,"column":79}},"200":{"start":{"line":631,"column":33},"end":{"line":631,"column":79}},"201":{"start":{"line":631,"column":57},"end":{"line":631,"column":78}},"202":{"start":{"line":639,"column":35},"end":{"line":639,"column":108}},"203":{"start":{"line":647,"column":33},"end":{"line":647,"column":80}},"204":{"start":{"line":647,"column":57},"end":{"line":647,"column":79}},"205":{"start":{"line":662,"column":33},"end":{"line":662,"column":83}},"206":{"start":{"line":662,"column":61},"end":{"line":662,"column":82}},"207":{"start":{"line":670,"column":35},"end":{"line":670,"column":113}},"208":{"start":{"line":678,"column":33},"end":{"line":678,"column":85}},"209":{"start":{"line":678,"column":61},"end":{"line":678,"column":84}},"210":{"start":{"line":693,"column":33},"end":{"line":693,"column":91}},"211":{"start":{"line":693,"column":69},"end":{"line":693,"column":90}},"212":{"start":{"line":701,"column":35},"end":{"line":701,"column":120}},"213":{"start":{"line":709,"column":33},"end":{"line":709,"column":92}},"214":{"start":{"line":709,"column":69},"end":{"line":709,"column":91}},"215":{"start":{"line":721,"column":29},"end":{"line":721,"column":48}},"216":{"start":{"line":745,"column":10},"end":{"line":756,"column":26}},"217":{"start":{"line":749,"column":27},"end":{"line":749,"column":48}}},"fnMap":{"0":{"name":"App","decl":{"start":{"line":104,"column":9},"end":{"line":104,"column":12}},"loc":{"start":{"line":104,"column":15},"end":{"line":911,"column":1}},"line":104},"1":{"name":"(anonymous_1)","decl":{"start":{"line":113,"column":43},"end":{"line":113,"column":44}},"loc":{"start":{"line":113,"column":49},"end":{"line":113,"column":92}},"line":113},"2":{"name":"(anonymous_2)","decl":{"start":{"line":114,"column":51},"end":{"line":114,"column":52}},"loc":{"start":{"line":114,"column":57},"end":{"line":114,"column":99}},"line":114},"3":{"name":"(anonymous_3)","decl":{"start":{"line":118,"column":37},"end":{"line":118,"column":38}},"loc":{"start":{"line":118,"column":43},"end":{"line":118,"column":83}},"line":118},"4":{"name":"(anonymous_4)","decl":{"start":{"line":119,"column":55},"end":{"line":119,"column":56}},"loc":{"start":{"line":119,"column":61},"end":{"line":119,"column":111}},"line":119},"5":{"name":"(anonymous_5)","decl":{"start":{"line":124,"column":49},"end":{"line":124,"column":50}},"loc":{"start":{"line":124,"column":55},"end":{"line":124,"column":106}},"line":124},"6":{"name":"(anonymous_6)","decl":{"start":{"line":125,"column":51},"end":{"line":125,"column":52}},"loc":{"start":{"line":125,"column":57},"end":{"line":125,"column":108}},"line":125},"7":{"name":"(anonymous_7)","decl":{"start":{"line":126,"column":59},"end":{"line":126,"column":60}},"loc":{"start":{"line":126,"column":65},"end":{"line":126,"column":121}},"line":126},"8":{"name":"(anonymous_8)","decl":{"start":{"line":127,"column":75},"end":{"line":127,"column":76}},"loc":{"start":{"line":127,"column":81},"end":{"line":127,"column":144}},"line":127},"9":{"name":"(anonymous_9)","decl":{"start":{"line":128,"column":39},"end":{"line":128,"column":40}},"loc":{"start":{"line":128,"column":45},"end":{"line":128,"column":92}},"line":128},"10":{"name":"(anonymous_10)","decl":{"start":{"line":145,"column":28},"end":{"line":145,"column":29}},"loc":{"start":{"line":145,"column":42},"end":{"line":153,"column":3}},"line":145},"11":{"name":"(anonymous_11)","decl":{"start":{"line":150,"column":15},"end":{"line":150,"column":16}},"loc":{"start":{"line":150,"column":21},"end":{"line":152,"column":5}},"line":150},"12":{"name":"(anonymous_12)","decl":{"start":{"line":156,"column":31},"end":{"line":156,"column":32}},"loc":{"start":{"line":156,"column":37},"end":{"line":163,"column":3}},"line":156},"13":{"name":"(anonymous_13)","decl":{"start":{"line":158,"column":16},"end":{"line":158,"column":17}},"loc":{"start":{"line":158,"column":23},"end":{"line":158,"column":25}},"line":158},"14":{"name":"(anonymous_14)","decl":{"start":{"line":160,"column":15},"end":{"line":160,"column":16}},"loc":{"start":{"line":160,"column":21},"end":{"line":162,"column":5}},"line":160},"15":{"name":"(anonymous_15)","decl":{"start":{"line":166,"column":12},"end":{"line":166,"column":13}},"loc":{"start":{"line":166,"column":18},"end":{"line":177,"column":3}},"line":166},"16":{"name":"(anonymous_16)","decl":{"start":{"line":180,"column":12},"end":{"line":180,"column":13}},"loc":{"start":{"line":180,"column":18},"end":{"line":183,"column":3}},"line":180},"17":{"name":"(anonymous_17)","decl":{"start":{"line":186,"column":12},"end":{"line":186,"column":13}},"loc":{"start":{"line":186,"column":18},"end":{"line":227,"column":3}},"line":186},"18":{"name":"(anonymous_18)","decl":{"start":{"line":188,"column":40},"end":{"line":188,"column":41}},"loc":{"start":{"line":188,"column":46},"end":{"line":222,"column":7}},"line":188},"19":{"name":"(anonymous_19)","decl":{"start":{"line":189,"column":20},"end":{"line":189,"column":21}},"loc":{"start":{"line":189,"column":27},"end":{"line":221,"column":9}},"line":189},"20":{"name":"(anonymous_20)","decl":{"start":{"line":198,"column":23},"end":{"line":198,"column":24}},"loc":{"start":{"line":198,"column":29},"end":{"line":198,"column":49}},"line":198},"21":{"name":"(anonymous_21)","decl":{"start":{"line":206,"column":27},"end":{"line":206,"column":28}},"loc":{"start":{"line":206,"column":33},"end":{"line":206,"column":51}},"line":206},"22":{"name":"(anonymous_22)","decl":{"start":{"line":213,"column":27},"end":{"line":213,"column":28}},"loc":{"start":{"line":213,"column":33},"end":{"line":213,"column":51}},"line":213},"23":{"name":"(anonymous_23)","decl":{"start":{"line":226,"column":11},"end":{"line":226,"column":12}},"loc":{"start":{"line":226,"column":17},"end":{"line":226,"column":51}},"line":226},"24":{"name":"(anonymous_24)","decl":{"start":{"line":230,"column":34},"end":{"line":230,"column":35}},"loc":{"start":{"line":230,"column":40},"end":{"line":251,"column":3}},"line":230},"25":{"name":"(anonymous_25)","decl":{"start":{"line":232,"column":63},"end":{"line":232,"column":64}},"loc":{"start":{"line":232,"column":70},"end":{"line":232,"column":87}},"line":232},"26":{"name":"(anonymous_26)","decl":{"start":{"line":254,"column":12},"end":{"line":254,"column":13}},"loc":{"start":{"line":254,"column":18},"end":{"line":264,"column":3}},"line":254},"27":{"name":"(anonymous_27)","decl":{"start":{"line":256,"column":33},"end":{"line":256,"column":34}},"loc":{"start":{"line":256,"column":44},"end":{"line":260,"column":7}},"line":256},"28":{"name":"(anonymous_28)","decl":{"start":{"line":262,"column":13},"end":{"line":262,"column":14}},"loc":{"start":{"line":262,"column":19},"end":{"line":262,"column":80}},"line":262},"29":{"name":"(anonymous_29)","decl":{"start":{"line":267,"column":12},"end":{"line":267,"column":13}},"loc":{"start":{"line":267,"column":18},"end":{"line":282,"column":3}},"line":267},"30":{"name":"(anonymous_30)","decl":{"start":{"line":269,"column":33},"end":{"line":269,"column":34}},"loc":{"start":{"line":269,"column":44},"end":{"line":278,"column":7}},"line":269},"31":{"name":"(anonymous_31)","decl":{"start":{"line":280,"column":13},"end":{"line":280,"column":14}},"loc":{"start":{"line":280,"column":19},"end":{"line":280,"column":80}},"line":280},"32":{"name":"(anonymous_32)","decl":{"start":{"line":285,"column":12},"end":{"line":285,"column":13}},"loc":{"start":{"line":285,"column":18},"end":{"line":290,"column":3}},"line":285},"33":{"name":"(anonymous_33)","decl":{"start":{"line":293,"column":12},"end":{"line":293,"column":13}},"loc":{"start":{"line":293,"column":18},"end":{"line":302,"column":3}},"line":293},"34":{"name":"(anonymous_34)","decl":{"start":{"line":294,"column":24},"end":{"line":294,"column":25}},"loc":{"start":{"line":294,"column":31},"end":{"line":299,"column":5}},"line":294},"35":{"name":"(anonymous_35)","decl":{"start":{"line":301,"column":11},"end":{"line":301,"column":12}},"loc":{"start":{"line":301,"column":17},"end":{"line":301,"column":67}},"line":301},"36":{"name":"(anonymous_36)","decl":{"start":{"line":305,"column":21},"end":{"line":305,"column":22}},"loc":{"start":{"line":305,"column":28},"end":{"line":305,"column":111}},"line":305},"37":{"name":"(anonymous_37)","decl":{"start":{"line":307,"column":27},"end":{"line":307,"column":28}},"loc":{"start":{"line":307,"column":33},"end":{"line":313,"column":3}},"line":307},"38":{"name":"(anonymous_38)","decl":{"start":{"line":311,"column":17},"end":{"line":311,"column":18}},"loc":{"start":{"line":311,"column":23},"end":{"line":311,"column":53}},"line":311},"39":{"name":"(anonymous_39)","decl":{"start":{"line":315,"column":33},"end":{"line":315,"column":34}},"loc":{"start":{"line":315,"column":40},"end":{"line":322,"column":3}},"line":315},"40":{"name":"(anonymous_40)","decl":{"start":{"line":324,"column":30},"end":{"line":324,"column":31}},"loc":{"start":{"line":324,"column":37},"end":{"line":327,"column":3}},"line":324},"41":{"name":"(anonymous_41)","decl":{"start":{"line":329,"column":27},"end":{"line":329,"column":28}},"loc":{"start":{"line":329,"column":40},"end":{"line":336,"column":3}},"line":329},"42":{"name":"(anonymous_42)","decl":{"start":{"line":335,"column":15},"end":{"line":335,"column":16}},"loc":{"start":{"line":335,"column":21},"end":{"line":335,"column":38}},"line":335},"43":{"name":"(anonymous_43)","decl":{"start":{"line":338,"column":22},"end":{"line":338,"column":23}},"loc":{"start":{"line":338,"column":28},"end":{"line":345,"column":3}},"line":338},"44":{"name":"(anonymous_44)","decl":{"start":{"line":347,"column":27},"end":{"line":347,"column":28}},"loc":{"start":{"line":347,"column":33},"end":{"line":355,"column":3}},"line":347},"45":{"name":"(anonymous_45)","decl":{"start":{"line":353,"column":17},"end":{"line":353,"column":18}},"loc":{"start":{"line":353,"column":23},"end":{"line":353,"column":40}},"line":353},"46":{"name":"(anonymous_46)","decl":{"start":{"line":449,"column":21},"end":{"line":449,"column":22}},"loc":{"start":{"line":449,"column":27},"end":{"line":449,"column":67}},"line":449},"47":{"name":"(anonymous_47)","decl":{"start":{"line":470,"column":23},"end":{"line":470,"column":24}},"loc":{"start":{"line":470,"column":29},"end":{"line":470,"column":60}},"line":470},"48":{"name":"(anonymous_48)","decl":{"start":{"line":470,"column":50},"end":{"line":470,"column":51}},"loc":{"start":{"line":470,"column":57},"end":{"line":470,"column":59}},"line":470},"49":{"name":"(anonymous_49)","decl":{"start":{"line":497,"column":30},"end":{"line":497,"column":31}},"loc":{"start":{"line":497,"column":35},"end":{"line":497,"column":72}},"line":497},"50":{"name":"(anonymous_50)","decl":{"start":{"line":514,"column":19},"end":{"line":514,"column":20}},"loc":{"start":{"line":514,"column":25},"end":{"line":514,"column":55}},"line":514},"51":{"name":"(anonymous_51)","decl":{"start":{"line":542,"column":45},"end":{"line":542,"column":46}},"loc":{"start":{"line":543,"column":16},"end":{"line":560,"column":32}},"line":543},"52":{"name":"(anonymous_52)","decl":{"start":{"line":547,"column":27},"end":{"line":547,"column":28}},"loc":{"start":{"line":547,"column":33},"end":{"line":547,"column":61}},"line":547},"53":{"name":"(anonymous_53)","decl":{"start":{"line":586,"column":28},"end":{"line":586,"column":29}},"loc":{"start":{"line":586,"column":34},"end":{"line":586,"column":68}},"line":586},"54":{"name":"(anonymous_54)","decl":{"start":{"line":600,"column":27},"end":{"line":600,"column":28}},"loc":{"start":{"line":600,"column":33},"end":{"line":600,"column":78}},"line":600},"55":{"name":"(anonymous_55)","decl":{"start":{"line":600,"column":48},"end":{"line":600,"column":49}},"loc":{"start":{"line":600,"column":56},"end":{"line":600,"column":77}},"line":600},"56":{"name":"(anonymous_56)","decl":{"start":{"line":608,"column":28},"end":{"line":608,"column":29}},"loc":{"start":{"line":608,"column":35},"end":{"line":608,"column":108}},"line":608},"57":{"name":"(anonymous_57)","decl":{"start":{"line":616,"column":27},"end":{"line":616,"column":28}},"loc":{"start":{"line":616,"column":33},"end":{"line":616,"column":80}},"line":616},"58":{"name":"(anonymous_58)","decl":{"start":{"line":616,"column":48},"end":{"line":616,"column":49}},"loc":{"start":{"line":616,"column":56},"end":{"line":616,"column":79}},"line":616},"59":{"name":"(anonymous_59)","decl":{"start":{"line":631,"column":27},"end":{"line":631,"column":28}},"loc":{"start":{"line":631,"column":33},"end":{"line":631,"column":79}},"line":631},"60":{"name":"(anonymous_60)","decl":{"start":{"line":631,"column":49},"end":{"line":631,"column":50}},"loc":{"start":{"line":631,"column":57},"end":{"line":631,"column":78}},"line":631},"61":{"name":"(anonymous_61)","decl":{"start":{"line":639,"column":28},"end":{"line":639,"column":29}},"loc":{"start":{"line":639,"column":35},"end":{"line":639,"column":108}},"line":639},"62":{"name":"(anonymous_62)","decl":{"start":{"line":647,"column":27},"end":{"line":647,"column":28}},"loc":{"start":{"line":647,"column":33},"end":{"line":647,"column":80}},"line":647},"63":{"name":"(anonymous_63)","decl":{"start":{"line":647,"column":49},"end":{"line":647,"column":50}},"loc":{"start":{"line":647,"column":57},"end":{"line":647,"column":79}},"line":647},"64":{"name":"(anonymous_64)","decl":{"start":{"line":662,"column":27},"end":{"line":662,"column":28}},"loc":{"start":{"line":662,"column":33},"end":{"line":662,"column":83}},"line":662},"65":{"name":"(anonymous_65)","decl":{"start":{"line":662,"column":53},"end":{"line":662,"column":54}},"loc":{"start":{"line":662,"column":61},"end":{"line":662,"column":82}},"line":662},"66":{"name":"(anonymous_66)","decl":{"start":{"line":670,"column":28},"end":{"line":670,"column":29}},"loc":{"start":{"line":670,"column":35},"end":{"line":670,"column":113}},"line":670},"67":{"name":"(anonymous_67)","decl":{"start":{"line":678,"column":27},"end":{"line":678,"column":28}},"loc":{"start":{"line":678,"column":33},"end":{"line":678,"column":85}},"line":678},"68":{"name":"(anonymous_68)","decl":{"start":{"line":678,"column":53},"end":{"line":678,"column":54}},"loc":{"start":{"line":678,"column":61},"end":{"line":678,"column":84}},"line":678},"69":{"name":"(anonymous_69)","decl":{"start":{"line":693,"column":27},"end":{"line":693,"column":28}},"loc":{"start":{"line":693,"column":33},"end":{"line":693,"column":91}},"line":693},"70":{"name":"(anonymous_70)","decl":{"start":{"line":693,"column":61},"end":{"line":693,"column":62}},"loc":{"start":{"line":693,"column":69},"end":{"line":693,"column":90}},"line":693},"71":{"name":"(anonymous_71)","decl":{"start":{"line":701,"column":28},"end":{"line":701,"column":29}},"loc":{"start":{"line":701,"column":35},"end":{"line":701,"column":120}},"line":701},"72":{"name":"(anonymous_72)","decl":{"start":{"line":709,"column":27},"end":{"line":709,"column":28}},"loc":{"start":{"line":709,"column":33},"end":{"line":709,"column":92}},"line":709},"73":{"name":"(anonymous_73)","decl":{"start":{"line":709,"column":61},"end":{"line":709,"column":62}},"loc":{"start":{"line":709,"column":69},"end":{"line":709,"column":91}},"line":709},"74":{"name":"(anonymous_74)","decl":{"start":{"line":721,"column":23},"end":{"line":721,"column":24}},"loc":{"start":{"line":721,"column":29},"end":{"line":721,"column":48}},"line":721},"75":{"name":"(anonymous_75)","decl":{"start":{"line":744,"column":14},"end":{"line":744,"column":15}},"loc":{"start":{"line":745,"column":10},"end":{"line":756,"column":26}},"line":745},"76":{"name":"(anonymous_76)","decl":{"start":{"line":749,"column":21},"end":{"line":749,"column":22}},"loc":{"start":{"line":749,"column":27},"end":{"line":749,"column":48}},"line":749}},"branchMap":{"0":{"loc":{"start":{"line":114,"column":57},"end":{"line":114,"column":99}},"type":"binary-expr","locations":[{"start":{"line":114,"column":57},"end":{"line":114,"column":86}},{"start":{"line":114,"column":90},"end":{"line":114,"column":99}}],"line":114},"1":{"loc":{"start":{"line":124,"column":55},"end":{"line":124,"column":106}},"type":"binary-expr","locations":[{"start":{"line":124,"column":55},"end":{"line":124,"column":100}},{"start":{"line":124,"column":104},"end":{"line":124,"column":106}}],"line":124},"2":{"loc":{"start":{"line":125,"column":57},"end":{"line":125,"column":108}},"type":"binary-expr","locations":[{"start":{"line":125,"column":57},"end":{"line":125,"column":103}},{"start":{"line":125,"column":107},"end":{"line":125,"column":108}}],"line":125},"3":{"loc":{"start":{"line":126,"column":65},"end":{"line":126,"column":121}},"type":"binary-expr","locations":[{"start":{"line":126,"column":65},"end":{"line":126,"column":115}},{"start":{"line":126,"column":119},"end":{"line":126,"column":121}}],"line":126},"4":{"loc":{"start":{"line":127,"column":81},"end":{"line":127,"column":144}},"type":"binary-expr","locations":[{"start":{"line":127,"column":81},"end":{"line":127,"column":139}},{"start":{"line":127,"column":143},"end":{"line":127,"column":144}}],"line":127},"5":{"loc":{"start":{"line":128,"column":45},"end":{"line":128,"column":92}},"type":"binary-expr","locations":[{"start":{"line":128,"column":45},"end":{"line":128,"column":87}},{"start":{"line":128,"column":91},"end":{"line":128,"column":92}}],"line":128},"6":{"loc":{"start":{"line":142,"column":43},"end":{"line":142,"column":70}},"type":"cond-expr","locations":[{"start":{"line":142,"column":54},"end":{"line":142,"column":60}},{"start":{"line":142,"column":63},"end":{"line":142,"column":70}}],"line":142},"7":{"loc":{"start":{"line":187,"column":4},"end":{"line":225,"column":5}},"type":"if","locations":[{"start":{"line":187,"column":4},"end":{"line":225,"column":5}},{"start":{"line":223,"column":11},"end":{"line":225,"column":5}}],"line":187},"8":{"loc":{"start":{"line":190,"column":10},"end":{"line":219,"column":11}},"type":"if","locations":[{"start":{"line":190,"column":10},"end":{"line":219,"column":11}},{"start":{},"end":{}}],"line":190},"9":{"loc":{"start":{"line":192,"column":12},"end":{"line":194,"column":13}},"type":"if","locations":[{"start":{"line":192,"column":12},"end":{"line":194,"column":13}},{"start":{},"end":{}}],"line":192},"10":{"loc":{"start":{"line":200,"column":12},"end":{"line":217,"column":13}},"type":"if","locations":[{"start":{"line":200,"column":12},"end":{"line":217,"column":13}},{"start":{"line":210,"column":19},"end":{"line":217,"column":13}}],"line":200},"11":{"loc":{"start":{"line":203,"column":31},"end":{"line":203,"column":97}},"type":"cond-expr","locations":[{"start":{"line":203,"column":76},"end":{"line":203,"column":87}},{"start":{"line":203,"column":90},"end":{"line":203,"column":97}}],"line":203},"12":{"loc":{"start":{"line":205,"column":14},"end":{"line":209,"column":15}},"type":"if","locations":[{"start":{"line":205,"column":14},"end":{"line":209,"column":15}},{"start":{"line":207,"column":21},"end":{"line":209,"column":15}}],"line":205},"13":{"loc":{"start":{"line":212,"column":14},"end":{"line":216,"column":15}},"type":"if","locations":[{"start":{"line":212,"column":14},"end":{"line":216,"column":15}},{"start":{"line":214,"column":21},"end":{"line":216,"column":15}}],"line":212},"14":{"loc":{"start":{"line":231,"column":4},"end":{"line":249,"column":5}},"type":"if","locations":[{"start":{"line":231,"column":4},"end":{"line":249,"column":5}},{"start":{},"end":{}}],"line":231},"15":{"loc":{"start":{"line":233,"column":6},"end":{"line":248,"column":7}},"type":"if","locations":[{"start":{"line":233,"column":6},"end":{"line":248,"column":7}},{"start":{},"end":{}}],"line":233},"16":{"loc":{"start":{"line":233,"column":10},"end":{"line":233,"column":44}},"type":"binary-expr","locations":[{"start":{"line":233,"column":10},"end":{"line":233,"column":25}},{"start":{"line":233,"column":29},"end":{"line":233,"column":44}}],"line":233},"17":{"loc":{"start":{"line":242,"column":8},"end":{"line":246,"column":9}},"type":"if","locations":[{"start":{"line":242,"column":8},"end":{"line":246,"column":9}},{"start":{},"end":{}}],"line":242},"18":{"loc":{"start":{"line":243,"column":10},"end":{"line":245,"column":96}},"type":"if","locations":[{"start":{"line":243,"column":10},"end":{"line":245,"column":96}},{"start":{"line":244,"column":15},"end":{"line":245,"column":96}}],"line":243},"19":{"loc":{"start":{"line":244,"column":15},"end":{"line":245,"column":96}},"type":"if","locations":[{"start":{"line":244,"column":15},"end":{"line":245,"column":96}},{"start":{"line":245,"column":15},"end":{"line":245,"column":96}}],"line":244},"20":{"loc":{"start":{"line":245,"column":15},"end":{"line":245,"column":96}},"type":"if","locations":[{"start":{"line":245,"column":15},"end":{"line":245,"column":96}},{"start":{},"end":{}}],"line":245},"21":{"loc":{"start":{"line":255,"column":4},"end":{"line":263,"column":5}},"type":"if","locations":[{"start":{"line":255,"column":4},"end":{"line":263,"column":5}},{"start":{},"end":{}}],"line":255},"22":{"loc":{"start":{"line":257,"column":8},"end":{"line":259,"column":9}},"type":"if","locations":[{"start":{"line":257,"column":8},"end":{"line":259,"column":9}},{"start":{},"end":{}}],"line":257},"23":{"loc":{"start":{"line":257,"column":12},"end":{"line":257,"column":82}},"type":"binary-expr","locations":[{"start":{"line":257,"column":12},"end":{"line":257,"column":33}},{"start":{"line":257,"column":37},"end":{"line":257,"column":82}}],"line":257},"24":{"loc":{"start":{"line":268,"column":4},"end":{"line":281,"column":5}},"type":"if","locations":[{"start":{"line":268,"column":4},"end":{"line":281,"column":5}},{"start":{},"end":{}}],"line":268},"25":{"loc":{"start":{"line":270,"column":8},"end":{"line":277,"column":9}},"type":"if","locations":[{"start":{"line":270,"column":8},"end":{"line":277,"column":9}},{"start":{},"end":{}}],"line":270},"26":{"loc":{"start":{"line":271,"column":10},"end":{"line":274,"column":57}},"type":"binary-expr","locations":[{"start":{"line":271,"column":10},"end":{"line":271,"column":34}},{"start":{"line":272,"column":10},"end":{"line":272,"column":58}},{"start":{"line":273,"column":10},"end":{"line":273,"column":33}},{"start":{"line":274,"column":10},"end":{"line":274,"column":57}}],"line":271},"27":{"loc":{"start":{"line":286,"column":4},"end":{"line":288,"column":5}},"type":"if","locations":[{"start":{"line":286,"column":4},"end":{"line":288,"column":5}},{"start":{},"end":{}}],"line":286},"28":{"loc":{"start":{"line":295,"column":6},"end":{"line":298,"column":7}},"type":"if","locations":[{"start":{"line":295,"column":6},"end":{"line":298,"column":7}},{"start":{},"end":{}}],"line":295},"29":{"loc":{"start":{"line":295,"column":10},"end":{"line":295,"column":93}},"type":"binary-expr","locations":[{"start":{"line":295,"column":10},"end":{"line":295,"column":28}},{"start":{"line":295,"column":32},"end":{"line":295,"column":47}},{"start":{"line":295,"column":51},"end":{"line":295,"column":93}}],"line":295},"30":{"loc":{"start":{"line":308,"column":4},"end":{"line":312,"column":5}},"type":"if","locations":[{"start":{"line":308,"column":4},"end":{"line":312,"column":5}},{"start":{},"end":{}}],"line":308},"31":{"loc":{"start":{"line":317,"column":4},"end":{"line":317,"column":50}},"type":"if","locations":[{"start":{"line":317,"column":4},"end":{"line":317,"column":50}},{"start":{},"end":{}}],"line":317},"32":{"loc":{"start":{"line":325,"column":4},"end":{"line":326,"column":58}},"type":"if","locations":[{"start":{"line":325,"column":4},"end":{"line":326,"column":58}},{"start":{"line":326,"column":9},"end":{"line":326,"column":58}}],"line":325},"33":{"loc":{"start":{"line":326,"column":9},"end":{"line":326,"column":58}},"type":"if","locations":[{"start":{"line":326,"column":9},"end":{"line":326,"column":58}},{"start":{},"end":{}}],"line":326},"34":{"loc":{"start":{"line":351,"column":4},"end":{"line":354,"column":5}},"type":"if","locations":[{"start":{"line":351,"column":4},"end":{"line":354,"column":5}},{"start":{},"end":{}}],"line":351},"35":{"loc":{"start":{"line":360,"column":24},"end":{"line":360,"column":121}},"type":"cond-expr","locations":[{"start":{"line":360,"column":42},"end":{"line":360,"column":58}},{"start":{"line":360,"column":61},"end":{"line":360,"column":121}}],"line":360},"36":{"loc":{"start":{"line":360,"column":61},"end":{"line":360,"column":121}},"type":"cond-expr","locations":[{"start":{"line":360,"column":80},"end":{"line":360,"column":97}},{"start":{"line":360,"column":100},"end":{"line":360,"column":121}}],"line":360},"37":{"loc":{"start":{"line":364,"column":26},"end":{"line":364,"column":135}},"type":"cond-expr","locations":[{"start":{"line":364,"column":44},"end":{"line":364,"column":64}},{"start":{"line":364,"column":67},"end":{"line":364,"column":135}}],"line":364},"38":{"loc":{"start":{"line":364,"column":67},"end":{"line":364,"column":135}},"type":"cond-expr","locations":[{"start":{"line":364,"column":86},"end":{"line":364,"column":107}},{"start":{"line":364,"column":110},"end":{"line":364,"column":135}}],"line":364},"39":{"loc":{"start":{"line":365,"column":22},"end":{"line":365,"column":101}},"type":"cond-expr","locations":[{"start":{"line":365,"column":40},"end":{"line":365,"column":50}},{"start":{"line":365,"column":53},"end":{"line":365,"column":101}}],"line":365},"40":{"loc":{"start":{"line":365,"column":53},"end":{"line":365,"column":101}},"type":"cond-expr","locations":[{"start":{"line":365,"column":72},"end":{"line":365,"column":83}},{"start":{"line":365,"column":86},"end":{"line":365,"column":101}}],"line":365},"41":{"loc":{"start":{"line":372,"column":18},"end":{"line":372,"column":89}},"type":"cond-expr","locations":[{"start":{"line":372,"column":41},"end":{"line":372,"column":80}},{"start":{"line":372,"column":83},"end":{"line":372,"column":89}}],"line":372},"42":{"loc":{"start":{"line":375,"column":18},"end":{"line":375,"column":79}},"type":"cond-expr","locations":[{"start":{"line":375,"column":29},"end":{"line":375,"column":55}},{"start":{"line":375,"column":58},"end":{"line":375,"column":79}}],"line":375},"43":{"loc":{"start":{"line":378,"column":14},"end":{"line":378,"column":95}},"type":"cond-expr","locations":[{"start":{"line":378,"column":25},"end":{"line":378,"column":61}},{"start":{"line":378,"column":64},"end":{"line":378,"column":95}}],"line":378},"44":{"loc":{"start":{"line":381,"column":23},"end":{"line":381,"column":88}},"type":"cond-expr","locations":[{"start":{"line":381,"column":34},"end":{"line":381,"column":58}},{"start":{"line":381,"column":61},"end":{"line":381,"column":88}}],"line":381},"45":{"loc":{"start":{"line":384,"column":14},"end":{"line":384,"column":95}},"type":"cond-expr","locations":[{"start":{"line":384,"column":25},"end":{"line":384,"column":61}},{"start":{"line":384,"column":64},"end":{"line":384,"column":95}}],"line":384},"46":{"loc":{"start":{"line":390,"column":14},"end":{"line":390,"column":95}},"type":"cond-expr","locations":[{"start":{"line":390,"column":25},"end":{"line":390,"column":61}},{"start":{"line":390,"column":64},"end":{"line":390,"column":95}}],"line":390},"47":{"loc":{"start":{"line":395,"column":13},"end":{"line":395,"column":45}},"type":"cond-expr","locations":[{"start":{"line":395,"column":24},"end":{"line":395,"column":33}},{"start":{"line":395,"column":36},"end":{"line":395,"column":45}}],"line":395},"48":{"loc":{"start":{"line":406,"column":13},"end":{"line":406,"column":45}},"type":"cond-expr","locations":[{"start":{"line":406,"column":24},"end":{"line":406,"column":33}},{"start":{"line":406,"column":36},"end":{"line":406,"column":45}}],"line":406},"49":{"loc":{"start":{"line":440,"column":24},"end":{"line":440,"column":81}},"type":"cond-expr","locations":[{"start":{"line":440,"column":35},"end":{"line":440,"column":57}},{"start":{"line":440,"column":60},"end":{"line":440,"column":81}}],"line":440},"50":{"loc":{"start":{"line":442,"column":13},"end":{"line":442,"column":46}},"type":"cond-expr","locations":[{"start":{"line":442,"column":24},"end":{"line":442,"column":33}},{"start":{"line":442,"column":36},"end":{"line":442,"column":46}}],"line":442},"51":{"loc":{"start":{"line":443,"column":43},"end":{"line":443,"column":70}},"type":"cond-expr","locations":[{"start":{"line":443,"column":54},"end":{"line":443,"column":61}},{"start":{"line":443,"column":64},"end":{"line":443,"column":70}}],"line":443},"52":{"loc":{"start":{"line":453,"column":26},"end":{"line":455,"column":53}},"type":"cond-expr","locations":[{"start":{"line":454,"column":17},"end":{"line":454,"column":79}},{"start":{"line":455,"column":16},"end":{"line":455,"column":53}}],"line":453},"53":{"loc":{"start":{"line":454,"column":17},"end":{"line":454,"column":79}},"type":"cond-expr","locations":[{"start":{"line":454,"column":28},"end":{"line":454,"column":55}},{"start":{"line":454,"column":58},"end":{"line":454,"column":79}}],"line":454},"54":{"loc":{"start":{"line":473,"column":15},"end":{"line":473,"column":61}},"type":"cond-expr","locations":[{"start":{"line":473,"column":30},"end":{"line":473,"column":46}},{"start":{"line":473,"column":49},"end":{"line":473,"column":61}}],"line":473},"55":{"loc":{"start":{"line":477,"column":15},"end":{"line":506,"column":15}},"type":"binary-expr","locations":[{"start":{"line":477,"column":15},"end":{"line":477,"column":32}},{"start":{"line":478,"column":16},"end":{"line":505,"column":29}}],"line":477},"56":{"loc":{"start":{"line":486,"column":32},"end":{"line":486,"column":97}},"type":"cond-expr","locations":[{"start":{"line":486,"column":43},"end":{"line":486,"column":67}},{"start":{"line":486,"column":70},"end":{"line":486,"column":97}}],"line":486},"57":{"loc":{"start":{"line":487,"column":28},"end":{"line":487,"column":109}},"type":"cond-expr","locations":[{"start":{"line":487,"column":39},"end":{"line":487,"column":75}},{"start":{"line":487,"column":78},"end":{"line":487,"column":109}}],"line":487},"58":{"loc":{"start":{"line":518,"column":24},"end":{"line":520,"column":51}},"type":"cond-expr","locations":[{"start":{"line":519,"column":15},"end":{"line":519,"column":77}},{"start":{"line":520,"column":14},"end":{"line":520,"column":51}}],"line":518},"59":{"loc":{"start":{"line":519,"column":15},"end":{"line":519,"column":77}},"type":"cond-expr","locations":[{"start":{"line":519,"column":26},"end":{"line":519,"column":53}},{"start":{"line":519,"column":56},"end":{"line":519,"column":77}}],"line":519},"60":{"loc":{"start":{"line":531,"column":9},"end":{"line":564,"column":9}},"type":"binary-expr","locations":[{"start":{"line":531,"column":9},"end":{"line":531,"column":26}},{"start":{"line":532,"column":10},"end":{"line":563,"column":23}}],"line":531},"61":{"loc":{"start":{"line":548,"column":45},"end":{"line":548,"column":87}},"type":"cond-expr","locations":[{"start":{"line":548,"column":74},"end":{"line":548,"column":82}},{"start":{"line":548,"column":85},"end":{"line":548,"column":87}}],"line":548},"62":{"loc":{"start":{"line":550,"column":32},"end":{"line":552,"column":35}},"type":"cond-expr","locations":[{"start":{"line":551,"column":23},"end":{"line":551,"column":85}},{"start":{"line":552,"column":22},"end":{"line":552,"column":35}}],"line":550},"63":{"loc":{"start":{"line":551,"column":23},"end":{"line":551,"column":85}},"type":"cond-expr","locations":[{"start":{"line":551,"column":34},"end":{"line":551,"column":61}},{"start":{"line":551,"column":64},"end":{"line":551,"column":85}}],"line":551},"64":{"loc":{"start":{"line":557,"column":83},"end":{"line":557,"column":110}},"type":"cond-expr","locations":[{"start":{"line":557,"column":94},"end":{"line":557,"column":100}},{"start":{"line":557,"column":103},"end":{"line":557,"column":110}}],"line":557},"65":{"loc":{"start":{"line":557,"column":145},"end":{"line":557,"column":172}},"type":"cond-expr","locations":[{"start":{"line":557,"column":156},"end":{"line":557,"column":162}},{"start":{"line":557,"column":165},"end":{"line":557,"column":172}}],"line":557},"66":{"loc":{"start":{"line":569,"column":9},"end":{"line":730,"column":9}},"type":"binary-expr","locations":[{"start":{"line":569,"column":9},"end":{"line":569,"column":21}},{"start":{"line":570,"column":10},"end":{"line":729,"column":23}}],"line":569},"67":{"loc":{"start":{"line":590,"column":50},"end":{"line":590,"column":80}},"type":"cond-expr","locations":[{"start":{"line":590,"column":67},"end":{"line":590,"column":75}},{"start":{"line":590,"column":78},"end":{"line":590,"column":80}}],"line":590},"68":{"loc":{"start":{"line":608,"column":76},"end":{"line":608,"column":105}},"type":"binary-expr","locations":[{"start":{"line":608,"column":76},"end":{"line":608,"column":100}},{"start":{"line":608,"column":104},"end":{"line":608,"column":105}}],"line":608},"69":{"loc":{"start":{"line":639,"column":76},"end":{"line":639,"column":105}},"type":"binary-expr","locations":[{"start":{"line":639,"column":76},"end":{"line":639,"column":100}},{"start":{"line":639,"column":104},"end":{"line":639,"column":105}}],"line":639},"70":{"loc":{"start":{"line":670,"column":81},"end":{"line":670,"column":110}},"type":"binary-expr","locations":[{"start":{"line":670,"column":81},"end":{"line":670,"column":105}},{"start":{"line":670,"column":109},"end":{"line":670,"column":110}}],"line":670},"71":{"loc":{"start":{"line":701,"column":88},"end":{"line":701,"column":117}},"type":"binary-expr","locations":[{"start":{"line":701,"column":88},"end":{"line":701,"column":112}},{"start":{"line":701,"column":116},"end":{"line":701,"column":117}}],"line":701},"72":{"loc":{"start":{"line":751,"column":19},"end":{"line":751,"column":99}},"type":"cond-expr","locations":[{"start":{"line":751,"column":34},"end":{"line":751,"column":64}},{"start":{"line":751,"column":67},"end":{"line":751,"column":99}}],"line":751},"73":{"loc":{"start":{"line":779,"column":22},"end":{"line":779,"column":83}},"type":"cond-expr","locations":[{"start":{"line":779,"column":33},"end":{"line":779,"column":59}},{"start":{"line":779,"column":62},"end":{"line":779,"column":83}}],"line":779},"74":{"loc":{"start":{"line":800,"column":13},"end":{"line":827,"column":13}},"type":"cond-expr","locations":[{"start":{"line":801,"column":14},"end":{"line":815,"column":20}},{"start":{"line":817,"column":14},"end":{"line":826,"column":26}}],"line":800},"75":{"loc":{"start":{"line":804,"column":25},"end":{"line":804,"column":63}},"type":"binary-expr","locations":[{"start":{"line":804,"column":25},"end":{"line":804,"column":39}},{"start":{"line":804,"column":43},"end":{"line":804,"column":63}}],"line":804},"76":{"loc":{"start":{"line":820,"column":33},"end":{"line":820,"column":66}},"type":"cond-expr","locations":[{"start":{"line":820,"column":45},"end":{"line":820,"column":54}},{"start":{"line":820,"column":57},"end":{"line":820,"column":66}}],"line":820},"77":{"loc":{"start":{"line":821,"column":28},"end":{"line":821,"column":68}},"type":"cond-expr","locations":[{"start":{"line":821,"column":41},"end":{"line":821,"column":63}},{"start":{"line":821,"column":66},"end":{"line":821,"column":68}}],"line":821},"78":{"loc":{"start":{"line":822,"column":26},"end":{"line":822,"column":59}},"type":"cond-expr","locations":[{"start":{"line":822,"column":39},"end":{"line":822,"column":54}},{"start":{"line":822,"column":57},"end":{"line":822,"column":59}}],"line":822},"79":{"loc":{"start":{"line":823,"column":28},"end":{"line":823,"column":79}},"type":"cond-expr","locations":[{"start":{"line":823,"column":40},"end":{"line":823,"column":55}},{"start":{"line":823,"column":58},"end":{"line":823,"column":79}}],"line":823},"80":{"loc":{"start":{"line":835,"column":15},"end":{"line":835,"column":95}},"type":"cond-expr","locations":[{"start":{"line":835,"column":33},"end":{"line":835,"column":45}},{"start":{"line":835,"column":48},"end":{"line":835,"column":95}}],"line":835},"81":{"loc":{"start":{"line":835,"column":48},"end":{"line":835,"column":95}},"type":"cond-expr","locations":[{"start":{"line":835,"column":67},"end":{"line":835,"column":80}},{"start":{"line":835,"column":83},"end":{"line":835,"column":95}}],"line":835},"82":{"loc":{"start":{"line":863,"column":22},"end":{"line":863,"column":63}},"type":"cond-expr","locations":[{"start":{"line":863,"column":34},"end":{"line":863,"column":47}},{"start":{"line":863,"column":50},"end":{"line":863,"column":63}}],"line":863},"83":{"loc":{"start":{"line":865,"column":11},"end":{"line":865,"column":47}},"type":"cond-expr","locations":[{"start":{"line":865,"column":23},"end":{"line":865,"column":34}},{"start":{"line":865,"column":37},"end":{"line":865,"column":47}}],"line":865},"84":{"loc":{"start":{"line":866,"column":17},"end":{"line":866,"column":46}},"type":"cond-expr","locations":[{"start":{"line":866,"column":29},"end":{"line":866,"column":36}},{"start":{"line":866,"column":39},"end":{"line":866,"column":46}}],"line":866},"85":{"loc":{"start":{"line":884,"column":9},"end":{"line":907,"column":9}},"type":"binary-expr","locations":[{"start":{"line":884,"column":9},"end":{"line":884,"column":26}},{"start":{"line":885,"column":10},"end":{"line":906,"column":23}}],"line":884}},"s":{"0":1,"1":1,"2":44,"3":44,"4":44,"5":44,"6":44,"7":44,"8":16,"9":44,"10":16,"11":44,"12":44,"13":44,"14":44,"15":16,"16":44,"17":16,"18":44,"19":44,"20":44,"21":16,"22":44,"23":16,"24":44,"25":16,"26":44,"27":16,"28":44,"29":16,"30":44,"31":44,"32":44,"33":44,"34":44,"35":44,"36":44,"37":44,"38":44,"39":44,"40":0,"41":0,"42":0,"43":0,"44":0,"45":44,"46":2,"47":2,"48":2,"49":2,"50":0,"51":44,"52":18,"53":18,"54":18,"55":18,"56":18,"57":18,"58":18,"59":18,"60":18,"61":18,"62":44,"63":20,"64":20,"65":44,"66":25,"67":3,"68":0,"69":0,"70":0,"71":0,"72":0,"73":0,"74":0,"75":0,"76":0,"77":0,"78":0,"79":0,"80":0,"81":0,"82":0,"83":0,"84":0,"85":0,"86":0,"87":0,"88":0,"89":0,"90":0,"91":0,"92":22,"93":25,"94":25,"95":44,"96":0,"97":0,"98":0,"99":0,"100":0,"101":0,"102":0,"103":0,"104":0,"105":0,"106":0,"107":0,"108":0,"109":0,"110":0,"111":0,"112":44,"113":16,"114":0,"115":0,"116":0,"117":0,"118":0,"119":0,"120":44,"121":16,"122":0,"123":0,"124":0,"125":0,"126":0,"127":0,"128":44,"129":16,"130":16,"131":16,"132":44,"133":16,"134":0,"135":0,"136":0,"137":16,"138":16,"139":16,"140":44,"141":44,"142":44,"143":0,"144":0,"145":0,"146":0,"147":0,"148":44,"149":0,"150":0,"151":0,"152":0,"153":0,"154":0,"155":0,"156":44,"157":0,"158":0,"159":0,"160":0,"161":44,"162":4,"163":4,"164":4,"165":4,"166":4,"167":44,"168":1,"169":1,"170":1,"171":1,"172":44,"173":4,"174":4,"175":3,"176":3,"177":3,"178":44,"179":44,"180":44,"181":44,"182":44,"183":44,"184":44,"185":44,"186":44,"187":2,"188":0,"189":0,"190":0,"191":3,"192":32,"193":0,"194":0,"195":0,"196":0,"197":0,"198":0,"199":0,"200":0,"201":0,"202":0,"203":0,"204":0,"205":0,"206":0,"207":0,"208":0,"209":0,"210":0,"211":0,"212":0,"213":0,"214":0,"215":0,"216":132,"217":4},"f":{"0":44,"1":16,"2":16,"3":16,"4":16,"5":16,"6":16,"7":16,"8":16,"9":16,"10":0,"11":0,"12":2,"13":2,"14":0,"15":18,"16":20,"17":25,"18":0,"19":0,"20":0,"21":0,"22":0,"23":25,"24":0,"25":0,"26":16,"27":0,"28":0,"29":16,"30":0,"31":0,"32":16,"33":16,"34":0,"35":16,"36":44,"37":0,"38":0,"39":0,"40":0,"41":4,"42":4,"43":1,"44":4,"45":3,"46":2,"47":0,"48":0,"49":0,"50":3,"51":32,"52":0,"53":0,"54":0,"55":0,"56":0,"57":0,"58":0,"59":0,"60":0,"61":0,"62":0,"63":0,"64":0,"65":0,"66":0,"67":0,"68":0,"69":0,"70":0,"71":0,"72":0,"73":0,"74":0,"75":132,"76":4},"b":{"0":[16,16],"1":[16,16],"2":[16,16],"3":[16,16],"4":[16,16],"5":[16,16],"6":[2,42],"7":[3,22],"8":[0,0],"9":[0,0],"10":[0,0],"11":[0,0],"12":[0,0],"13":[0,0],"14":[0,0],"15":[0,0],"16":[0,0],"17":[0,0],"18":[0,0],"19":[0,0],"20":[0,0],"21":[0,16],"22":[0,0],"23":[0,0],"24":[0,16],"25":[0,0],"26":[0,0,0,0],"27":[16,0],"28":[0,0],"29":[0,0,0],"30":[0,0],"31":[0,0],"32":[0,0],"33":[0,0],"34":[3,1],"35":[38,6],"36":[4,2],"37":[38,6],"38":[4,2],"39":[38,6],"40":[4,2],"41":[3,41],"42":[2,42],"43":[2,42],"44":[2,42],"45":[2,42],"46":[2,42],"47":[2,42],"48":[2,42],"49":[2,42],"50":[2,42],"51":[2,42],"52":[4,40],"53":[0,4],"54":[0,44],"55":[44,0],"56":[0,0],"57":[0,0],"58":[4,40],"59":[0,4],"60":[44,4],"61":[4,28],"62":[4,28],"63":[0,4],"64":[0,32],"65":[0,32],"66":[44,4],"67":[4,0],"68":[0,0],"69":[0,0],"70":[0,0],"71":[0,0],"72":[44,88],"73":[2,42],"74":[0,44],"75":[0,0],"76":[6,38],"77":[38,6],"78":[38,6],"79":[6,38],"80":[38,6],"81":[4,2],"82":[6,38],"83":[6,38],"84":[6,38],"85":[44,0]},"_coverageSchema":"1a1c01bbd47fc00a2c39e90264f33305004495a9","hash":"a1085670e30b1a9256c4e3dcc95bab1846400fea"}
,"/Users/edwardzhong/Projects/pomodoro/src/themes.js": {"path":"/Users/edwardzhong/Projects/pomodoro/src/themes.js","statementMap":{"0":{"start":{"line":3,"column":21},"end":{"line":204,"column":1}}},"fnMap":{},"branchMap":{},"s":{"0":2},"f":{},"b":{},"_coverageSchema":"1a1c01bbd47fc00a2c39e90264f33305004495a9","hash":"1e375d68eedc0b95591b089173bab7cd7f4724c2"}
}
