TN:
SF:src/App.jsx
FN:104,App
FN:113,(anonymous_1)
FN:114,(anonymous_2)
FN:118,(anonymous_3)
FN:119,(anonymous_4)
FN:124,(anonymous_5)
FN:125,(anonymous_6)
FN:126,(anonymous_7)
FN:127,(anonymous_8)
FN:128,(anonymous_9)
FN:145,(anonymous_10)
FN:150,(anonymous_11)
FN:156,(anonymous_12)
FN:158,(anonymous_13)
FN:160,(anonymous_14)
FN:166,(anonymous_15)
FN:180,(anonymous_16)
FN:186,(anonymous_17)
FN:188,(anonymous_18)
FN:189,(anonymous_19)
FN:198,(anonymous_20)
FN:206,(anonymous_21)
FN:213,(anonymous_22)
FN:226,(anonymous_23)
FN:230,(anonymous_24)
FN:232,(anonymous_25)
FN:254,(anonymous_26)
FN:256,(anonymous_27)
FN:262,(anonymous_28)
FN:267,(anonymous_29)
FN:269,(anonymous_30)
FN:280,(anonymous_31)
FN:285,(anonymous_32)
FN:293,(anonymous_33)
FN:294,(anonymous_34)
FN:301,(anonymous_35)
FN:305,(anonymous_36)
FN:307,(anonymous_37)
FN:311,(anonymous_38)
FN:315,(anonymous_39)
FN:324,(anonymous_40)
FN:329,(anonymous_41)
FN:335,(anonymous_42)
FN:338,(anonymous_43)
FN:347,(anonymous_44)
FN:353,(anonymous_45)
FN:449,(anonymous_46)
FN:470,(anonymous_47)
FN:470,(anonymous_48)
FN:497,(anonymous_49)
FN:514,(anonymous_50)
FN:542,(anonymous_51)
FN:547,(anonymous_52)
FN:586,(anonymous_53)
FN:600,(anonymous_54)
FN:600,(anonymous_55)
FN:608,(anonymous_56)
FN:616,(anonymous_57)
FN:616,(anonymous_58)
FN:631,(anonymous_59)
FN:631,(anonymous_60)
FN:639,(anonymous_61)
FN:647,(anonymous_62)
FN:647,(anonymous_63)
FN:662,(anonymous_64)
FN:662,(anonymous_65)
FN:670,(anonymous_66)
FN:678,(anonymous_67)
FN:678,(anonymous_68)
FN:693,(anonymous_69)
FN:693,(anonymous_70)
FN:701,(anonymous_71)
FN:709,(anonymous_72)
FN:709,(anonymous_73)
FN:721,(anonymous_74)
FN:744,(anonymous_75)
FN:749,(anonymous_76)
FNF:77
FNH:32
FNDA:44,App
FNDA:16,(anonymous_1)
FNDA:16,(anonymous_2)
FNDA:16,(anonymous_3)
FNDA:16,(anonymous_4)
FNDA:16,(anonymous_5)
FNDA:16,(anonymous_6)
FNDA:16,(anonymous_7)
FNDA:16,(anonymous_8)
FNDA:16,(anonymous_9)
FNDA:0,(anonymous_10)
FNDA:0,(anonymous_11)
FNDA:2,(anonymous_12)
FNDA:2,(anonymous_13)
FNDA:0,(anonymous_14)
FNDA:18,(anonymous_15)
FNDA:20,(anonymous_16)
FNDA:25,(anonymous_17)
FNDA:0,(anonymous_18)
FNDA:0,(anonymous_19)
FNDA:0,(anonymous_20)
FNDA:0,(anonymous_21)
FNDA:0,(anonymous_22)
FNDA:25,(anonymous_23)
FNDA:0,(anonymous_24)
FNDA:0,(anonymous_25)
FNDA:16,(anonymous_26)
FNDA:0,(anonymous_27)
FNDA:0,(anonymous_28)
FNDA:16,(anonymous_29)
FNDA:0,(anonymous_30)
FNDA:0,(anonymous_31)
FNDA:16,(anonymous_32)
FNDA:16,(anonymous_33)
FNDA:0,(anonymous_34)
FNDA:16,(anonymous_35)
FNDA:44,(anonymous_36)
FNDA:0,(anonymous_37)
FNDA:0,(anonymous_38)
FNDA:0,(anonymous_39)
FNDA:0,(anonymous_40)
FNDA:4,(anonymous_41)
FNDA:4,(anonymous_42)
FNDA:1,(anonymous_43)
FNDA:4,(anonymous_44)
FNDA:3,(anonymous_45)
FNDA:2,(anonymous_46)
FNDA:0,(anonymous_47)
FNDA:0,(anonymous_48)
FNDA:0,(anonymous_49)
FNDA:3,(anonymous_50)
FNDA:32,(anonymous_51)
FNDA:0,(anonymous_52)
FNDA:0,(anonymous_53)
FNDA:0,(anonymous_54)
FNDA:0,(anonymous_55)
FNDA:0,(anonymous_56)
FNDA:0,(anonymous_57)
FNDA:0,(anonymous_58)
FNDA:0,(anonymous_59)
FNDA:0,(anonymous_60)
FNDA:0,(anonymous_61)
FNDA:0,(anonymous_62)
FNDA:0,(anonymous_63)
FNDA:0,(anonymous_64)
FNDA:0,(anonymous_65)
FNDA:0,(anonymous_66)
FNDA:0,(anonymous_67)
FNDA:0,(anonymous_68)
FNDA:0,(anonymous_69)
FNDA:0,(anonymous_70)
FNDA:0,(anonymous_71)
FNDA:0,(anonymous_72)
FNDA:0,(anonymous_73)
FNDA:0,(anonymous_74)
FNDA:132,(anonymous_75)
FNDA:4,(anonymous_76)
DA:7,1
DA:13,1
DA:106,44
DA:107,44
DA:108,44
DA:109,44
DA:112,44
DA:113,44
DA:114,44
DA:115,44
DA:116,44
DA:117,44
DA:118,44
DA:119,44
DA:120,44
DA:121,44
DA:124,44
DA:125,44
DA:126,44
DA:127,44
DA:128,44
DA:131,44
DA:132,44
DA:133,44
DA:136,44
DA:137,44
DA:138,44
DA:139,44
DA:140,44
DA:142,44
DA:145,44
DA:146,0
DA:147,0
DA:148,0
DA:150,0
DA:151,0
DA:156,44
DA:157,2
DA:158,2
DA:160,2
DA:161,0
DA:166,44
DA:167,18
DA:168,18
DA:169,18
DA:170,18
DA:171,18
DA:172,18
DA:173,18
DA:174,18
DA:175,18
DA:176,18
DA:180,44
DA:181,20
DA:182,20
DA:186,44
DA:187,25
DA:188,3
DA:189,0
DA:190,0
DA:191,0
DA:192,0
DA:193,0
DA:197,0
DA:198,0
DA:200,0
DA:201,0
DA:202,0
DA:203,0
DA:204,0
DA:205,0
DA:206,0
DA:208,0
DA:211,0
DA:212,0
DA:213,0
DA:215,0
DA:218,0
DA:220,0
DA:224,22
DA:226,25
DA:230,44
DA:231,0
DA:232,0
DA:233,0
DA:234,0
DA:235,0
DA:241,0
DA:242,0
DA:243,0
DA:244,0
DA:245,0
DA:247,0
DA:250,0
DA:254,44
DA:255,16
DA:256,0
DA:257,0
DA:258,0
DA:261,0
DA:262,0
DA:267,44
DA:268,16
DA:269,0
DA:270,0
DA:276,0
DA:279,0
DA:280,0
DA:285,44
DA:286,16
DA:287,16
DA:289,16
DA:293,44
DA:294,16
DA:295,0
DA:296,0
DA:297,0
DA:300,16
DA:301,16
DA:305,44
DA:307,44
DA:308,0
DA:309,0
DA:310,0
DA:311,0
DA:315,44
DA:316,0
DA:317,0
DA:318,0
DA:319,0
DA:320,0
DA:321,0
DA:324,44
DA:325,0
DA:326,0
DA:329,44
DA:330,4
DA:331,4
DA:334,4
DA:335,4
DA:338,44
DA:339,1
DA:340,1
DA:341,1
DA:344,1
DA:347,44
DA:348,4
DA:351,4
DA:352,3
DA:353,3
DA:358,44
DA:359,44
DA:360,44
DA:361,44
DA:362,44
DA:364,44
DA:365,44
DA:368,44
DA:416,44
DA:449,2
DA:470,0
DA:497,0
DA:514,3
DA:543,32
DA:547,0
DA:586,0
DA:600,0
DA:608,0
DA:616,0
DA:631,0
DA:639,0
DA:647,0
DA:662,0
DA:670,0
DA:678,0
DA:693,0
DA:701,0
DA:709,0
DA:721,0
DA:745,132
DA:749,4
LF:181
LH:100
BRDA:114,0,0,16
BRDA:114,0,1,16
BRDA:124,1,0,16
BRDA:124,1,1,16
BRDA:125,2,0,16
BRDA:125,2,1,16
BRDA:126,3,0,16
BRDA:126,3,1,16
BRDA:127,4,0,16
BRDA:127,4,1,16
BRDA:128,5,0,16
BRDA:128,5,1,16
BRDA:142,6,0,2
BRDA:142,6,1,42
BRDA:187,7,0,3
BRDA:187,7,1,22
BRDA:190,8,0,0
BRDA:190,8,1,0
BRDA:192,9,0,0
BRDA:192,9,1,0
BRDA:200,10,0,0
BRDA:200,10,1,0
BRDA:203,11,0,0
BRDA:203,11,1,0
BRDA:205,12,0,0
BRDA:205,12,1,0
BRDA:212,13,0,0
BRDA:212,13,1,0
BRDA:231,14,0,0
BRDA:231,14,1,0
BRDA:233,15,0,0
BRDA:233,15,1,0
BRDA:233,16,0,0
BRDA:233,16,1,0
BRDA:242,17,0,0
BRDA:242,17,1,0
BRDA:243,18,0,0
BRDA:243,18,1,0
BRDA:244,19,0,0
BRDA:244,19,1,0
BRDA:245,20,0,0
BRDA:245,20,1,0
BRDA:255,21,0,0
BRDA:255,21,1,16
BRDA:257,22,0,0
BRDA:257,22,1,0
BRDA:257,23,0,0
BRDA:257,23,1,0
BRDA:268,24,0,0
BRDA:268,24,1,16
BRDA:270,25,0,0
BRDA:270,25,1,0
BRDA:271,26,0,0
BRDA:271,26,1,0
BRDA:271,26,2,0
BRDA:271,26,3,0
BRDA:286,27,0,16
BRDA:286,27,1,0
BRDA:295,28,0,0
BRDA:295,28,1,0
BRDA:295,29,0,0
BRDA:295,29,1,0
BRDA:295,29,2,0
BRDA:308,30,0,0
BRDA:308,30,1,0
BRDA:317,31,0,0
BRDA:317,31,1,0
BRDA:325,32,0,0
BRDA:325,32,1,0
BRDA:326,33,0,0
BRDA:326,33,1,0
BRDA:351,34,0,3
BRDA:351,34,1,1
BRDA:360,35,0,38
BRDA:360,35,1,6
BRDA:360,36,0,4
BRDA:360,36,1,2
BRDA:364,37,0,38
BRDA:364,37,1,6
BRDA:364,38,0,4
BRDA:364,38,1,2
BRDA:365,39,0,38
BRDA:365,39,1,6
BRDA:365,40,0,4
BRDA:365,40,1,2
BRDA:372,41,0,3
BRDA:372,41,1,41
BRDA:375,42,0,2
BRDA:375,42,1,42
BRDA:378,43,0,2
BRDA:378,43,1,42
BRDA:381,44,0,2
BRDA:381,44,1,42
BRDA:384,45,0,2
BRDA:384,45,1,42
BRDA:390,46,0,2
BRDA:390,46,1,42
BRDA:395,47,0,2
BRDA:395,47,1,42
BRDA:406,48,0,2
BRDA:406,48,1,42
BRDA:440,49,0,2
BRDA:440,49,1,42
BRDA:442,50,0,2
BRDA:442,50,1,42
BRDA:443,51,0,2
BRDA:443,51,1,42
BRDA:453,52,0,4
BRDA:453,52,1,40
BRDA:454,53,0,0
BRDA:454,53,1,4
BRDA:473,54,0,0
BRDA:473,54,1,44
BRDA:477,55,0,44
BRDA:477,55,1,0
BRDA:486,56,0,0
BRDA:486,56,1,0
BRDA:487,57,0,0
BRDA:487,57,1,0
BRDA:518,58,0,4
BRDA:518,58,1,40
BRDA:519,59,0,0
BRDA:519,59,1,4
BRDA:531,60,0,44
BRDA:531,60,1,4
BRDA:548,61,0,4
BRDA:548,61,1,28
BRDA:550,62,0,4
BRDA:550,62,1,28
BRDA:551,63,0,0
BRDA:551,63,1,4
BRDA:557,64,0,0
BRDA:557,64,1,32
BRDA:557,65,0,0
BRDA:557,65,1,32
BRDA:569,66,0,44
BRDA:569,66,1,4
BRDA:590,67,0,4
BRDA:590,67,1,0
BRDA:608,68,0,0
BRDA:608,68,1,0
BRDA:639,69,0,0
BRDA:639,69,1,0
BRDA:670,70,0,0
BRDA:670,70,1,0
BRDA:701,71,0,0
BRDA:701,71,1,0
BRDA:751,72,0,44
BRDA:751,72,1,88
BRDA:779,73,0,2
BRDA:779,73,1,42
BRDA:800,74,0,0
BRDA:800,74,1,44
BRDA:804,75,0,0
BRDA:804,75,1,0
BRDA:820,76,0,6
BRDA:820,76,1,38
BRDA:821,77,0,38
BRDA:821,77,1,6
BRDA:822,78,0,38
BRDA:822,78,1,6
BRDA:823,79,0,6
BRDA:823,79,1,38
BRDA:835,80,0,38
BRDA:835,80,1,6
BRDA:835,81,0,4
BRDA:835,81,1,2
BRDA:863,82,0,6
BRDA:863,82,1,38
BRDA:865,83,0,6
BRDA:865,83,1,38
BRDA:866,84,0,6
BRDA:866,84,1,38
BRDA:884,85,0,44
BRDA:884,85,1,0
BRF:175
BRH:99
end_of_record
TN:
SF:src/themes.js
FNF:0
FNH:0
DA:3,2
LF:1
LH:1
BRF:0
BRH:0
end_of_record
